<?xml version="1.0" encoding="UTF-8"?>
<testsuite xmlns:xsi="http://www.w3.org/2001/XMLSchema-instance" xsi:noNamespaceSchemaLocation="https://maven.apache.org/surefire/maven-surefire-plugin/xsd/surefire-test-report-3.0.xsd" version="3.0" name="com.pos.sales.application.calc.TotalsCalculatorTest" time="0.422" tests="3" errors="0" skipped="0" failures="0">
  <properties>
[...]
</properties>
  <testcase name="computeDiscountCents_percentage" classname="com.pos.sales.application.calc.TotalsCalculatorTest" time="0.328"/>
  <testcase name="recalculate_aggregatesLineDiscounts" classname="com.pos.sales.application.calc.TotalsCalculatorTest" time="0.019"/>
  <testcase name="computeDiscountCents_fixed_capped_by_subtotal" classname="com.pos.sales.application.calc.TotalsCalculatorTest" time="0.003"/>
</testsuite>